{"D:\\Documents\\S6\\ASW\\Practicas\\dechat_es6a2\\src\\lib\\Group.js": {"path":"D:\\Documents\\S6\\ASW\\Practicas\\dechat_es6a2\\src\\lib\\Group.js","statementMap":{"0":{"start":{"line":1,"column":21},"end":{"line":1,"column":46}},"1":{"start":{"line":6,"column":8},"end":{"line":6,"column":23}},"2":{"start":{"line":7,"column":8},"end":{"line":7,"column":39}},"3":{"start":{"line":8,"column":8},"end":{"line":8,"column":33}},"4":{"start":{"line":12,"column":8},"end":{"line":12,"column":52}},"5":{"start":{"line":13,"column":8},"end":{"line":13,"column":34}},"6":{"start":{"line":17,"column":8},"end":{"line":17,"column":29}},"7":{"start":{"line":21,"column":8},"end":{"line":21,"column":28}},"8":{"start":{"line":25,"column":8},"end":{"line":25,"column":36}},"9":{"start":{"line":30,"column":0},"end":{"line":30,"column":23}}},"fnMap":{"0":{"name":"(anonymous_0)","decl":{"start":{"line":5,"column":4},"end":{"line":5,"column":5}},"loc":{"start":{"line":5,"column":25},"end":{"line":9,"column":5}},"line":5},"1":{"name":"(anonymous_1)","decl":{"start":{"line":11,"column":4},"end":{"line":11,"column":5}},"loc":{"start":{"line":11,"column":23},"end":{"line":14,"column":5}},"line":11},"2":{"name":"(anonymous_2)","decl":{"start":{"line":16,"column":4},"end":{"line":16,"column":5}},"loc":{"start":{"line":16,"column":22},"end":{"line":18,"column":5}},"line":16},"3":{"name":"(anonymous_3)","decl":{"start":{"line":20,"column":4},"end":{"line":20,"column":5}},"loc":{"start":{"line":20,"column":17},"end":{"line":22,"column":5}},"line":20},"4":{"name":"(anonymous_4)","decl":{"start":{"line":24,"column":4},"end":{"line":24,"column":5}},"loc":{"start":{"line":24,"column":25},"end":{"line":26,"column":5}},"line":24}},"branchMap":{},"s":{"0":1,"1":2,"2":2,"3":2,"4":1,"5":1,"6":1,"7":5,"8":1,"9":1},"f":{"0":2,"1":1,"2":1,"3":5,"4":1},"b":{},"_coverageSchema":"43e27e138ebf9cfc5966b082cf9a028302ed4184","hash":"c21a6616a72822ef7ccb37d50cb08de9bc8b4f73","contentHash":"4f00d79a3cafd478edd2cbc63a2c4815e30b2030ae0f062fecef35657c37ea3b"}
,"D:\\Documents\\S6\\ASW\\Practicas\\dechat_es6a2\\src\\lib\\namespaces.js": {"path":"D:\\Documents\\S6\\ASW\\Practicas\\dechat_es6a2\\src\\lib\\namespaces.js","statementMap":{"0":{"start":{"line":1,"column":19},"end":{"line":1,"column":47}},"1":{"start":{"line":2,"column":0},"end":{"line":2,"column":51}},"2":{"start":{"line":4,"column":0},"end":{"line":4,"column":28}}},"fnMap":{},"branchMap":{},"s":{"0":1,"1":1,"2":1},"f":{},"b":{},"_coverageSchema":"43e27e138ebf9cfc5966b082cf9a028302ed4184","hash":"00531722c999e6e8013bd120bf514e99aed5c99b","contentHash":"d103c64dc9b69651973c9336d1046bb5c9e704ed6dbb220d024bc95b0f2af834"}
,"D:\\Documents\\S6\\ASW\\Practicas\\dechat_es6a2\\src\\lib\\semanticchat.js": {"path":"D:\\Documents\\S6\\ASW\\Practicas\\dechat_es6a2\\src\\lib\\semanticchat.js","statementMap":{"0":{"start":{"line":5,"column":8},"end":{"line":5,"column":31}},"1":{"start":{"line":6,"column":8},"end":{"line":6,"column":43}},"2":{"start":{"line":7,"column":8},"end":{"line":7,"column":59}},"3":{"start":{"line":8,"column":8},"end":{"line":8,"column":47}},"4":{"start":{"line":9,"column":8},"end":{"line":9,"column":27}},"5":{"start":{"line":10,"column":8},"end":{"line":10,"column":34}},"6":{"start":{"line":11,"column":8},"end":{"line":11,"column":57}},"7":{"start":{"line":12,"column":8},"end":{"line":12,"column":35}},"8":{"start":{"line":13,"column":8},"end":{"line":13,"column":37}},"9":{"start":{"line":18,"column":8},"end":{"line":18,"column":24}},"10":{"start":{"line":22,"column":8},"end":{"line":22,"column":38}},"11":{"start":{"line":26,"column":8},"end":{"line":26,"column":55}},"12":{"start":{"line":27,"column":8},"end":{"line":27,"column":35}},"13":{"start":{"line":32,"column":8},"end":{"line":32,"column":29}},"14":{"start":{"line":36,"column":8},"end":{"line":36,"column":37}},"15":{"start":{"line":40,"column":8},"end":{"line":46,"column":9}},"16":{"start":{"line":41,"column":12},"end":{"line":41,"column":60}},"17":{"start":{"line":43,"column":12},"end":{"line":45,"column":14}},"18":{"start":{"line":50,"column":8},"end":{"line":54,"column":9}},"19":{"start":{"line":51,"column":12},"end":{"line":51,"column":81}},"20":{"start":{"line":53,"column":12},"end":{"line":53,"column":24}},"21":{"start":{"line":60,"column":0},"end":{"line":60,"column":30}}},"fnMap":{"0":{"name":"(anonymous_0)","decl":{"start":{"line":3,"column":4},"end":{"line":3,"column":5}},"loc":{"start":{"line":3,"column":25},"end":{"line":15,"column":5}},"line":3},"1":{"name":"(anonymous_1)","decl":{"start":{"line":17,"column":4},"end":{"line":17,"column":5}},"loc":{"start":{"line":17,"column":13},"end":{"line":19,"column":5}},"line":17},"2":{"name":"(anonymous_2)","decl":{"start":{"line":21,"column":4},"end":{"line":21,"column":5}},"loc":{"start":{"line":21,"column":27},"end":{"line":23,"column":5}},"line":21},"3":{"name":"(anonymous_3)","decl":{"start":{"line":25,"column":4},"end":{"line":25,"column":5}},"loc":{"start":{"line":25,"column":25},"end":{"line":28,"column":5}},"line":25},"4":{"name":"(anonymous_4)","decl":{"start":{"line":31,"column":4},"end":{"line":31,"column":5}},"loc":{"start":{"line":31,"column":18},"end":{"line":33,"column":5}},"line":31},"5":{"name":"(anonymous_5)","decl":{"start":{"line":35,"column":4},"end":{"line":35,"column":5}},"loc":{"start":{"line":35,"column":22},"end":{"line":37,"column":5}},"line":35},"6":{"name":"(anonymous_6)","decl":{"start":{"line":39,"column":4},"end":{"line":39,"column":5}},"loc":{"start":{"line":39,"column":21},"end":{"line":47,"column":5}},"line":39},"7":{"name":"(anonymous_7)","decl":{"start":{"line":49,"column":4},"end":{"line":49,"column":5}},"loc":{"start":{"line":49,"column":26},"end":{"line":55,"column":5}},"line":49}},"branchMap":{"0":{"loc":{"start":{"line":40,"column":8},"end":{"line":46,"column":9}},"type":"if","locations":[{"start":{"line":40,"column":8},"end":{"line":46,"column":9}},{"start":{"line":40,"column":8},"end":{"line":46,"column":9}}],"line":40},"1":{"loc":{"start":{"line":50,"column":8},"end":{"line":54,"column":9}},"type":"if","locations":[{"start":{"line":50,"column":8},"end":{"line":54,"column":9}},{"start":{"line":50,"column":8},"end":{"line":54,"column":9}}],"line":50}},"s":{"0":13,"1":13,"2":13,"3":13,"4":13,"5":13,"6":13,"7":13,"8":13,"9":7,"10":2,"11":30,"12":30,"13":24,"14":4,"15":10,"16":4,"17":6,"18":2,"19":0,"20":2,"21":1},"f":{"0":13,"1":7,"2":2,"3":30,"4":24,"5":4,"6":10,"7":2},"b":{"0":[4,6],"1":[0,2]},"_coverageSchema":"43e27e138ebf9cfc5966b082cf9a028302ed4184","hash":"ef5bcf73de0a4ffb65102b8a22c6706501f342fe","contentHash":"3fceaf43675e2af648c3fdb41999a779f0726e5af714d79397d6371f51598790"}
,"D:\\Documents\\S6\\ASW\\Practicas\\dechat_es6a2\\src\\lib\\Repositories\\SolidLoaderRepository.js": {"path":"D:\\Documents\\S6\\ASW\\Practicas\\dechat_es6a2\\src\\lib\\Repositories\\SolidLoaderRepository.js","statementMap":{"0":{"start":{"line":1,"column":11},"end":{"line":1,"column":24}},"1":{"start":{"line":2,"column":18},"end":{"line":2,"column":72}},"2":{"start":{"line":3,"column":10},"end":{"line":3,"column":22}},"3":{"start":{"line":4,"column":18},"end":{"line":4,"column":44}},"4":{"start":{"line":5,"column":19},"end":{"line":5,"column":43}},"5":{"start":{"line":6,"column":21},"end":{"line":6,"column":47}},"6":{"start":{"line":7,"column":14},"end":{"line":7,"column":33}},"7":{"start":{"line":19,"column":8},"end":{"line":19,"column":34}},"8":{"start":{"line":20,"column":8},"end":{"line":20,"column":27}},"9":{"start":{"line":24,"column":21},"end":{"line":28,"column":10}},"10":{"start":{"line":29,"column":8},"end":{"line":29,"column":53}},"11":{"start":{"line":34,"column":2},"end":{"line":34,"column":36}},"12":{"start":{"line":35,"column":12},"end":{"line":35,"column":66}},"13":{"start":{"line":37,"column":21},"end":{"line":42,"column":10}},"14":{"start":{"line":44,"column":2},"end":{"line":44,"column":20}},"15":{"start":{"line":45,"column":8},"end":{"line":45,"column":53}},"16":{"start":{"line":53,"column":25},"end":{"line":53,"column":57}},"17":{"start":{"line":55,"column":8},"end":{"line":57,"column":9}},"18":{"start":{"line":55,"column":21},"end":{"line":55,"column":22}},"19":{"start":{"line":55,"column":30},"end":{"line":55,"column":45}},"20":{"start":{"line":56,"column":12},"end":{"line":56,"column":42}},"21":{"start":{"line":58,"column":8},"end":{"line":58,"column":20}},"22":{"start":{"line":65,"column":25},"end":{"line":65,"column":34}},"23":{"start":{"line":66,"column":22},"end":{"line":66,"column":24}},"24":{"start":{"line":68,"column":28},"end":{"line":68,"column":73}},"25":{"start":{"line":69,"column":31},"end":{"line":69,"column":36}},"26":{"start":{"line":70,"column":8},"end":{"line":98,"column":15}},"27":{"start":{"line":81,"column":16},"end":{"line":93,"column":19}},"28":{"start":{"line":82,"column":20},"end":{"line":82,"column":43}},"29":{"start":{"line":83,"column":20},"end":{"line":92,"column":21}},"30":{"start":{"line":84,"column":42},"end":{"line":84,"column":78}},"31":{"start":{"line":85,"column":37},"end":{"line":85,"column":77}},"32":{"start":{"line":86,"column":24},"end":{"line":91,"column":27}},"33":{"start":{"line":95,"column":16},"end":{"line":97,"column":19}},"34":{"start":{"line":96,"column":20},"end":{"line":96,"column":46}},"35":{"start":{"line":100,"column":8},"end":{"line":100,"column":32}},"36":{"start":{"line":107,"column":25},"end":{"line":107,"column":34}},"37":{"start":{"line":108,"column":16},"end":{"line":108,"column":18}},"38":{"start":{"line":109,"column":28},"end":{"line":109,"column":70}},"39":{"start":{"line":111,"column":8},"end":{"line":132,"column":15}},"40":{"start":{"line":122,"column":16},"end":{"line":127,"column":19}},"41":{"start":{"line":123,"column":20},"end":{"line":123,"column":43}},"42":{"start":{"line":124,"column":20},"end":{"line":126,"column":21}},"43":{"start":{"line":125,"column":24},"end":{"line":125,"column":57}},"44":{"start":{"line":129,"column":16},"end":{"line":131,"column":19}},"45":{"start":{"line":130,"column":20},"end":{"line":130,"column":46}},"46":{"start":{"line":133,"column":8},"end":{"line":133,"column":32}},"47":{"start":{"line":140,"column":25},"end":{"line":140,"column":34}},"48":{"start":{"line":142,"column":8},"end":{"line":169,"column":15}},"49":{"start":{"line":144,"column":16},"end":{"line":168,"column":17}},"50":{"start":{"line":145,"column":20},"end":{"line":145,"column":41}},"51":{"start":{"line":147,"column":33},"end":{"line":147,"column":49}},"52":{"start":{"line":148,"column":34},"end":{"line":148,"column":44}},"53":{"start":{"line":149,"column":35},"end":{"line":151,"column":22}},"54":{"start":{"line":153,"column":20},"end":{"line":167,"column":23}},"55":{"start":{"line":154,"column":24},"end":{"line":166,"column":25}},"56":{"start":{"line":155,"column":28},"end":{"line":155,"column":46}},"57":{"start":{"line":156,"column":31},"end":{"line":166,"column":25}},"58":{"start":{"line":157,"column":28},"end":{"line":157,"column":48}},"59":{"start":{"line":159,"column":43},"end":{"line":163,"column":29}},"60":{"start":{"line":161,"column":36},"end":{"line":161,"column":81}},"61":{"start":{"line":165,"column":28},"end":{"line":165,"column":53}},"62":{"start":{"line":171,"column":8},"end":{"line":171,"column":32}},"63":{"start":{"line":178,"column":25},"end":{"line":178,"column":34}},"64":{"start":{"line":179,"column":28},"end":{"line":179,"column":66}},"65":{"start":{"line":180,"column":23},"end":{"line":180,"column":34}},"66":{"start":{"line":182,"column":8},"end":{"line":200,"column":15}},"67":{"start":{"line":191,"column":16},"end":{"line":195,"column":19}},"68":{"start":{"line":192,"column":20},"end":{"line":192,"column":43}},"69":{"start":{"line":194,"column":20},"end":{"line":194,"column":49}},"70":{"start":{"line":197,"column":16},"end":{"line":199,"column":19}},"71":{"start":{"line":198,"column":20},"end":{"line":198,"column":43}},"72":{"start":{"line":202,"column":8},"end":{"line":202,"column":32}},"73":{"start":{"line":207,"column":0},"end":{"line":207,"column":39}}},"fnMap":{"0":{"name":"(anonymous_0)","decl":{"start":{"line":18,"column":4},"end":{"line":18,"column":5}},"loc":{"start":{"line":18,"column":23},"end":{"line":21,"column":5}},"line":18},"1":{"name":"(anonymous_1)","decl":{"start":{"line":23,"column":1},"end":{"line":23,"column":2}},"loc":{"start":{"line":23,"column":56},"end":{"line":30,"column":5}},"line":23},"2":{"name":"(anonymous_2)","decl":{"start":{"line":32,"column":1},"end":{"line":32,"column":2}},"loc":{"start":{"line":32,"column":57},"end":{"line":46,"column":5}},"line":32},"3":{"name":"(anonymous_3)","decl":{"start":{"line":51,"column":4},"end":{"line":51,"column":5}},"loc":{"start":{"line":51,"column":37},"end":{"line":59,"column":5}},"line":51},"4":{"name":"(anonymous_4)","decl":{"start":{"line":64,"column":4},"end":{"line":64,"column":5}},"loc":{"start":{"line":64,"column":35},"end":{"line":101,"column":5}},"line":64},"5":{"name":"(anonymous_5)","decl":{"start":{"line":80,"column":18},"end":{"line":80,"column":19}},"loc":{"start":{"line":80,"column":35},"end":{"line":98,"column":13}},"line":80},"6":{"name":"(anonymous_6)","decl":{"start":{"line":81,"column":49},"end":{"line":81,"column":50}},"loc":{"start":{"line":81,"column":57},"end":{"line":93,"column":17}},"line":81},"7":{"name":"(anonymous_7)","decl":{"start":{"line":95,"column":48},"end":{"line":95,"column":49}},"loc":{"start":{"line":95,"column":59},"end":{"line":97,"column":17}},"line":95},"8":{"name":"(anonymous_8)","decl":{"start":{"line":106,"column":4},"end":{"line":106,"column":5}},"loc":{"start":{"line":106,"column":54},"end":{"line":134,"column":5}},"line":106},"9":{"name":"(anonymous_9)","decl":{"start":{"line":121,"column":9},"end":{"line":121,"column":10}},"loc":{"start":{"line":121,"column":26},"end":{"line":132,"column":13}},"line":121},"10":{"name":"(anonymous_10)","decl":{"start":{"line":122,"column":49},"end":{"line":122,"column":50}},"loc":{"start":{"line":122,"column":57},"end":{"line":127,"column":17}},"line":122},"11":{"name":"(anonymous_11)","decl":{"start":{"line":129,"column":48},"end":{"line":129,"column":49}},"loc":{"start":{"line":129,"column":59},"end":{"line":131,"column":17}},"line":129},"12":{"name":"(anonymous_12)","decl":{"start":{"line":139,"column":4},"end":{"line":139,"column":5}},"loc":{"start":{"line":139,"column":32},"end":{"line":172,"column":5}},"line":139},"13":{"name":"(anonymous_13)","decl":{"start":{"line":143,"column":18},"end":{"line":143,"column":19}},"loc":{"start":{"line":143,"column":31},"end":{"line":169,"column":13}},"line":143},"14":{"name":"(anonymous_14)","decl":{"start":{"line":153,"column":39},"end":{"line":153,"column":40}},"loc":{"start":{"line":153,"column":64},"end":{"line":167,"column":21}},"line":153},"15":{"name":"(anonymous_15)","decl":{"start":{"line":160,"column":39},"end":{"line":160,"column":40}},"loc":{"start":{"line":160,"column":60},"end":{"line":162,"column":33}},"line":160},"16":{"name":"(anonymous_16)","decl":{"start":{"line":177,"column":4},"end":{"line":177,"column":5}},"loc":{"start":{"line":177,"column":61},"end":{"line":203,"column":5}},"line":177},"17":{"name":"(anonymous_17)","decl":{"start":{"line":190,"column":18},"end":{"line":190,"column":19}},"loc":{"start":{"line":190,"column":35},"end":{"line":200,"column":13}},"line":190},"18":{"name":"(anonymous_18)","decl":{"start":{"line":191,"column":49},"end":{"line":191,"column":50}},"loc":{"start":{"line":191,"column":64},"end":{"line":195,"column":17}},"line":191},"19":{"name":"(anonymous_19)","decl":{"start":{"line":197,"column":48},"end":{"line":197,"column":49}},"loc":{"start":{"line":197,"column":59},"end":{"line":199,"column":17}},"line":197}},"branchMap":{"0":{"loc":{"start":{"line":83,"column":20},"end":{"line":92,"column":21}},"type":"if","locations":[{"start":{"line":83,"column":20},"end":{"line":92,"column":21}},{"start":{"line":83,"column":20},"end":{"line":92,"column":21}}],"line":83},"1":{"loc":{"start":{"line":124,"column":20},"end":{"line":126,"column":21}},"type":"if","locations":[{"start":{"line":124,"column":20},"end":{"line":126,"column":21}},{"start":{"line":124,"column":20},"end":{"line":126,"column":21}}],"line":124},"2":{"loc":{"start":{"line":144,"column":16},"end":{"line":168,"column":17}},"type":"if","locations":[{"start":{"line":144,"column":16},"end":{"line":168,"column":17}},{"start":{"line":144,"column":16},"end":{"line":168,"column":17}}],"line":144},"3":{"loc":{"start":{"line":154,"column":24},"end":{"line":166,"column":25}},"type":"if","locations":[{"start":{"line":154,"column":24},"end":{"line":166,"column":25}},{"start":{"line":154,"column":24},"end":{"line":166,"column":25}}],"line":154},"4":{"loc":{"start":{"line":156,"column":31},"end":{"line":166,"column":25}},"type":"if","locations":[{"start":{"line":156,"column":31},"end":{"line":166,"column":25}},{"start":{"line":156,"column":31},"end":{"line":166,"column":25}}],"line":156}},"s":{"0":1,"1":1,"2":1,"3":1,"4":1,"5":1,"6":1,"7":3,"8":3,"9":8,"10":8,"11":0,"12":0,"13":0,"14":0,"15":0,"16":8,"17":8,"18":8,"19":8,"20":28,"21":8,"22":8,"23":8,"24":8,"25":8,"26":8,"27":8,"28":28,"29":28,"30":28,"31":28,"32":28,"33":8,"34":8,"35":8,"36":0,"37":0,"38":0,"39":0,"40":0,"41":0,"42":0,"43":0,"44":0,"45":0,"46":0,"47":8,"48":8,"49":8,"50":0,"51":8,"52":8,"53":8,"54":8,"55":180,"56":0,"57":180,"58":172,"59":8,"60":200,"61":8,"62":8,"63":0,"64":0,"65":0,"66":0,"67":0,"68":0,"69":0,"70":0,"71":0,"72":0,"73":1},"f":{"0":3,"1":8,"2":0,"3":8,"4":8,"5":8,"6":28,"7":8,"8":0,"9":0,"10":0,"11":0,"12":8,"13":8,"14":180,"15":200,"16":0,"17":0,"18":0,"19":0},"b":{"0":[28,0],"1":[0,0],"2":[0,8],"3":[0,180],"4":[172,8]},"_coverageSchema":"43e27e138ebf9cfc5966b082cf9a028302ed4184","hash":"8f01ee9c6ff38502ec131593f83c9cbe68ecd71d","contentHash":"9d4bad2a3662fec29a4e93d6c696bbd77beb2988743186163b169a1a58460da7"}
,"D:\\Documents\\S6\\ASW\\Practicas\\dechat_es6a2\\src\\lib\\Repositories\\SolidUploaderRepository.js": {"path":"D:\\Documents\\S6\\ASW\\Practicas\\dechat_es6a2\\src\\lib\\Repositories\\SolidUploaderRepository.js","statementMap":{"0":{"start":{"line":1,"column":12},"end":{"line":1,"column":29}},"1":{"start":{"line":12,"column":8},"end":{"line":12,"column":27}},"2":{"start":{"line":21,"column":8},"end":{"line":24,"column":11}},"3":{"start":{"line":33,"column":8},"end":{"line":35,"column":11}},"4":{"start":{"line":45,"column":8},"end":{"line":51,"column":11}},"5":{"start":{"line":61,"column":8},"end":{"line":64,"column":11}},"6":{"start":{"line":69,"column":0},"end":{"line":69,"column":41}}},"fnMap":{"0":{"name":"(anonymous_0)","decl":{"start":{"line":11,"column":4},"end":{"line":11,"column":5}},"loc":{"start":{"line":11,"column":23},"end":{"line":13,"column":5}},"line":11},"1":{"name":"(anonymous_1)","decl":{"start":{"line":20,"column":4},"end":{"line":20,"column":5}},"loc":{"start":{"line":20,"column":32},"end":{"line":25,"column":5}},"line":20},"2":{"name":"(anonymous_2)","decl":{"start":{"line":32,"column":4},"end":{"line":32,"column":5}},"loc":{"start":{"line":32,"column":27},"end":{"line":36,"column":5}},"line":32},"3":{"name":"(anonymous_3)","decl":{"start":{"line":44,"column":4},"end":{"line":44,"column":5}},"loc":{"start":{"line":44,"column":43},"end":{"line":52,"column":5}},"line":44},"4":{"name":"(anonymous_4)","decl":{"start":{"line":60,"column":4},"end":{"line":60,"column":5}},"loc":{"start":{"line":60,"column":39},"end":{"line":65,"column":5}},"line":60}},"branchMap":{},"s":{"0":1,"1":4,"2":0,"3":0,"4":6,"5":3,"6":1},"f":{"0":4,"1":0,"2":0,"3":6,"4":3},"b":{},"_coverageSchema":"43e27e138ebf9cfc5966b082cf9a028302ed4184","hash":"99c6736d76eae56b87ad36f028a51c7c3073ef56","contentHash":"56d32533727c8f7745b4e5402fcb2ec39cc4dfbadc8439e8a168202f44775cda"}
,"D:\\Documents\\S6\\ASW\\Practicas\\dechat_es6a2\\src\\lib\\Repositories\\rdfjssourcefactory.js": {"path":"D:\\Documents\\S6\\ASW\\Practicas\\dechat_es6a2\\src\\lib\\Repositories\\rdfjssourcefactory.js","statementMap":{"0":{"start":{"line":1,"column":11},"end":{"line":1,"column":24}},"1":{"start":{"line":2,"column":10},"end":{"line":2,"column":22}},"2":{"start":{"line":10,"column":21},"end":{"line":10,"column":30}},"3":{"start":{"line":12,"column":4},"end":{"line":42,"column":11}},"4":{"start":{"line":14,"column":12},"end":{"line":38,"column":13}},"5":{"start":{"line":15,"column":16},"end":{"line":15,"column":37}},"6":{"start":{"line":17,"column":29},"end":{"line":17,"column":45}},"7":{"start":{"line":18,"column":30},"end":{"line":18,"column":40}},"8":{"start":{"line":19,"column":31},"end":{"line":21,"column":18}},"9":{"start":{"line":23,"column":16},"end":{"line":37,"column":19}},"10":{"start":{"line":24,"column":20},"end":{"line":36,"column":21}},"11":{"start":{"line":25,"column":24},"end":{"line":25,"column":42}},"12":{"start":{"line":26,"column":27},"end":{"line":36,"column":21}},"13":{"start":{"line":27,"column":24},"end":{"line":27,"column":44}},"14":{"start":{"line":29,"column":39},"end":{"line":33,"column":25}},"15":{"start":{"line":31,"column":32},"end":{"line":31,"column":94}},"16":{"start":{"line":35,"column":24},"end":{"line":35,"column":49}},"17":{"start":{"line":40,"column":12},"end":{"line":40,"column":89}},"18":{"start":{"line":41,"column":12},"end":{"line":41,"column":35}},"19":{"start":{"line":44,"column":4},"end":{"line":44,"column":28}},"20":{"start":{"line":71,"column":0},"end":{"line":73,"column":2}}},"fnMap":{"0":{"name":"fromUrl","decl":{"start":{"line":9,"column":9},"end":{"line":9,"column":16}},"loc":{"start":{"line":9,"column":29},"end":{"line":45,"column":1}},"line":9},"1":{"name":"(anonymous_1)","decl":{"start":{"line":13,"column":14},"end":{"line":13,"column":15}},"loc":{"start":{"line":13,"column":27},"end":{"line":39,"column":9}},"line":13},"2":{"name":"(anonymous_2)","decl":{"start":{"line":23,"column":35},"end":{"line":23,"column":36}},"loc":{"start":{"line":23,"column":60},"end":{"line":37,"column":17}},"line":23},"3":{"name":"(anonymous_3)","decl":{"start":{"line":30,"column":35},"end":{"line":30,"column":36}},"loc":{"start":{"line":30,"column":56},"end":{"line":32,"column":29}},"line":30},"4":{"name":"(anonymous_4)","decl":{"start":{"line":39,"column":17},"end":{"line":39,"column":18}},"loc":{"start":{"line":39,"column":27},"end":{"line":42,"column":9}},"line":39}},"branchMap":{"0":{"loc":{"start":{"line":14,"column":12},"end":{"line":38,"column":13}},"type":"if","locations":[{"start":{"line":14,"column":12},"end":{"line":38,"column":13}},{"start":{"line":14,"column":12},"end":{"line":38,"column":13}}],"line":14},"1":{"loc":{"start":{"line":24,"column":20},"end":{"line":36,"column":21}},"type":"if","locations":[{"start":{"line":24,"column":20},"end":{"line":36,"column":21}},{"start":{"line":24,"column":20},"end":{"line":36,"column":21}}],"line":24},"2":{"loc":{"start":{"line":26,"column":27},"end":{"line":36,"column":21}},"type":"if","locations":[{"start":{"line":26,"column":27},"end":{"line":36,"column":21}},{"start":{"line":26,"column":27},"end":{"line":36,"column":21}}],"line":26}},"s":{"0":1,"1":1,"2":11,"3":11,"4":11,"5":0,"6":11,"7":11,"8":11,"9":11,"10":1001,"11":0,"12":1001,"13":990,"14":11,"15":128,"16":11,"17":0,"18":0,"19":11,"20":1},"f":{"0":11,"1":11,"2":1001,"3":128,"4":0},"b":{"0":[0,11],"1":[0,1001],"2":[990,11]},"_coverageSchema":"43e27e138ebf9cfc5966b082cf9a028302ed4184","hash":"fd0afcd944caf0c8f985bd4ec89ccacb75df7222","contentHash":"825457d516dc03ecd9135461dd5c3e2edbcf439bc569d77021f75dc2cfd33a3f"}
,"D:\\Documents\\S6\\ASW\\Practicas\\dechat_es6a2\\src\\lib\\Services\\BaseService.js": {"path":"D:\\Documents\\S6\\ASW\\Practicas\\dechat_es6a2\\src\\lib\\Services\\BaseService.js","statementMap":{"0":{"start":{"line":1,"column":11},"end":{"line":1,"column":24}},"1":{"start":{"line":2,"column":10},"end":{"line":2,"column":22}},"2":{"start":{"line":3,"column":18},"end":{"line":3,"column":72}},"3":{"start":{"line":4,"column":19},"end":{"line":4,"column":43}},"4":{"start":{"line":5,"column":15},"end":{"line":5,"column":32}},"5":{"start":{"line":6,"column":16},"end":{"line":6,"column":34}},"6":{"start":{"line":7,"column":12},"end":{"line":7,"column":29}},"7":{"start":{"line":8,"column":13},"end":{"line":8,"column":41}},"8":{"start":{"line":11,"column":4},"end":{"line":11,"column":23}},"9":{"start":{"line":12,"column":27},"end":{"line":12,"column":80}},"10":{"start":{"line":13,"column":17},"end":{"line":13,"column":67}},"11":{"start":{"line":15,"column":15},"end":{"line":15,"column":39}},"12":{"start":{"line":20,"column":4},"end":{"line":20,"column":24}},"13":{"start":{"line":21,"column":4},"end":{"line":21,"column":23}},"14":{"start":{"line":22,"column":4},"end":{"line":22,"column":38}},"15":{"start":{"line":23,"column":4},"end":{"line":29,"column":7}},"16":{"start":{"line":29,"column":7},"end":{"line":35,"column":7}},"17":{"start":{"line":45,"column":1},"end":{"line":46,"column":62}},"18":{"start":{"line":46,"column":2},"end":{"line":46,"column":62}},"19":{"start":{"line":47,"column":24},"end":{"line":47,"column":101}},"20":{"start":{"line":49,"column":4},"end":{"line":73,"column":5}},"21":{"start":{"line":50,"column":6},"end":{"line":50,"column":27}},"22":{"start":{"line":51,"column":24},"end":{"line":51,"column":106}},"23":{"start":{"line":52,"column":23},"end":{"line":52,"column":104}},"24":{"start":{"line":54,"column":6},"end":{"line":56,"column":7}},"25":{"start":{"line":55,"column":8},"end":{"line":55,"column":34}},"26":{"start":{"line":58,"column":6},"end":{"line":66,"column":7}},"27":{"start":{"line":59,"column":8},"end":{"line":63,"column":9}},"28":{"start":{"line":60,"column":10},"end":{"line":60,"column":31}},"29":{"start":{"line":62,"column":10},"end":{"line":62,"column":29}},"30":{"start":{"line":65,"column":8},"end":{"line":65,"column":34}},"31":{"start":{"line":68,"column":6},"end":{"line":70,"column":7}},"32":{"start":{"line":69,"column":8},"end":{"line":69,"column":30}},"33":{"start":{"line":72,"column":6},"end":{"line":72,"column":42}},"34":{"start":{"line":75,"column":4},"end":{"line":75,"column":25}},"35":{"start":{"line":79,"column":19},"end":{"line":79,"column":114}},"36":{"start":{"line":80,"column":4},"end":{"line":83,"column":18}},"37":{"start":{"line":81,"column":6},"end":{"line":81,"column":28}},"38":{"start":{"line":83,"column":6},"end":{"line":83,"column":18}},"39":{"start":{"line":87,"column":18},"end":{"line":87,"column":109}},"40":{"start":{"line":88,"column":4},"end":{"line":91,"column":18}},"41":{"start":{"line":89,"column":6},"end":{"line":89,"column":27}},"42":{"start":{"line":91,"column":6},"end":{"line":91,"column":18}},"43":{"start":{"line":102,"column":21},"end":{"line":102,"column":30}},"44":{"start":{"line":103,"column":24},"end":{"line":103,"column":65}},"45":{"start":{"line":105,"column":4},"end":{"line":129,"column":5}},"46":{"start":{"line":106,"column":21},"end":{"line":106,"column":32}},"47":{"start":{"line":108,"column":6},"end":{"line":126,"column":11}},"48":{"start":{"line":117,"column":10},"end":{"line":121,"column":13}},"49":{"start":{"line":118,"column":12},"end":{"line":118,"column":35}},"50":{"start":{"line":120,"column":12},"end":{"line":120,"column":41}},"51":{"start":{"line":123,"column":10},"end":{"line":125,"column":13}},"52":{"start":{"line":124,"column":12},"end":{"line":124,"column":35}},"53":{"start":{"line":128,"column":6},"end":{"line":128,"column":29}},"54":{"start":{"line":131,"column":4},"end":{"line":131,"column":28}},"55":{"start":{"line":135,"column":24},"end":{"line":135,"column":40}},"56":{"start":{"line":136,"column":18},"end":{"line":136,"column":52}},"57":{"start":{"line":138,"column":4},"end":{"line":138,"column":85}},"58":{"start":{"line":142,"column":21},"end":{"line":142,"column":85}},"59":{"start":{"line":143,"column":4},"end":{"line":143,"column":35}},"60":{"start":{"line":147,"column":3},"end":{"line":147,"column":57}},"61":{"start":{"line":151,"column":14},"end":{"line":151,"column":38}},"62":{"start":{"line":153,"column":6},"end":{"line":153,"column":17}},"63":{"start":{"line":157,"column":4},"end":{"line":159,"column":5}},"64":{"start":{"line":158,"column":6},"end":{"line":158,"column":116}},"65":{"start":{"line":161,"column":4},"end":{"line":161,"column":33}},"66":{"start":{"line":171,"column":21},"end":{"line":171,"column":30}},"67":{"start":{"line":172,"column":25},"end":{"line":172,"column":27}},"68":{"start":{"line":173,"column":24},"end":{"line":173,"column":70}},"69":{"start":{"line":174,"column":17},"end":{"line":174,"column":21}},"70":{"start":{"line":175,"column":19},"end":{"line":175,"column":30}},"71":{"start":{"line":178,"column":4},"end":{"line":201,"column":9}},"72":{"start":{"line":187,"column":8},"end":{"line":196,"column":11}},"73":{"start":{"line":188,"column":10},"end":{"line":188,"column":33}},"74":{"start":{"line":190,"column":27},"end":{"line":190,"column":50}},"75":{"start":{"line":192,"column":10},"end":{"line":195,"column":11}},"76":{"start":{"line":193,"column":12},"end":{"line":193,"column":40}},"77":{"start":{"line":194,"column":12},"end":{"line":194,"column":56}},"78":{"start":{"line":198,"column":8},"end":{"line":200,"column":11}},"79":{"start":{"line":199,"column":10},"end":{"line":199,"column":41}},"80":{"start":{"line":203,"column":4},"end":{"line":203,"column":28}},"81":{"start":{"line":207,"column":21},"end":{"line":207,"column":30}},"82":{"start":{"line":208,"column":24},"end":{"line":208,"column":69}},"83":{"start":{"line":211,"column":4},"end":{"line":251,"column":5}},"84":{"start":{"line":212,"column":21},"end":{"line":212,"column":32}},"85":{"start":{"line":213,"column":28},"end":{"line":213,"column":33}},"86":{"start":{"line":214,"column":19},"end":{"line":214,"column":23}},"87":{"start":{"line":216,"column":6},"end":{"line":248,"column":11}},"88":{"start":{"line":228,"column":10},"end":{"line":240,"column":13}},"89":{"start":{"line":230,"column":12},"end":{"line":230,"column":35}},"90":{"start":{"line":231,"column":12},"end":{"line":231,"column":39}},"91":{"start":{"line":233,"column":12},"end":{"line":239,"column":14}},"92":{"start":{"line":242,"column":10},"end":{"line":247,"column":13}},"93":{"start":{"line":243,"column":12},"end":{"line":246,"column":13}},"94":{"start":{"line":244,"column":14},"end":{"line":244,"column":32}},"95":{"start":{"line":245,"column":14},"end":{"line":245,"column":37}},"96":{"start":{"line":250,"column":6},"end":{"line":250,"column":29}},"97":{"start":{"line":253,"column":4},"end":{"line":253,"column":28}},"98":{"start":{"line":257,"column":21},"end":{"line":257,"column":30}},"99":{"start":{"line":258,"column":24},"end":{"line":258,"column":65}},"100":{"start":{"line":260,"column":4},"end":{"line":285,"column":5}},"101":{"start":{"line":261,"column":21},"end":{"line":261,"column":32}},"102":{"start":{"line":262,"column":22},"end":{"line":262,"column":24}},"103":{"start":{"line":264,"column":6},"end":{"line":282,"column":11}},"104":{"start":{"line":273,"column":10},"end":{"line":277,"column":13}},"105":{"start":{"line":274,"column":12},"end":{"line":274,"column":35}},"106":{"start":{"line":276,"column":12},"end":{"line":276,"column":37}},"107":{"start":{"line":279,"column":10},"end":{"line":281,"column":13}},"108":{"start":{"line":280,"column":12},"end":{"line":280,"column":38}},"109":{"start":{"line":284,"column":6},"end":{"line":284,"column":29}},"110":{"start":{"line":287,"column":4},"end":{"line":287,"column":28}},"111":{"start":{"line":291,"column":21},"end":{"line":291,"column":30}},"112":{"start":{"line":292,"column":22},"end":{"line":292,"column":24}},"113":{"start":{"line":293,"column":24},"end":{"line":293,"column":70}},"114":{"start":{"line":294,"column":19},"end":{"line":294,"column":30}},"115":{"start":{"line":296,"column":4},"end":{"line":315,"column":9}},"116":{"start":{"line":305,"column":8},"end":{"line":310,"column":11}},"117":{"start":{"line":306,"column":10},"end":{"line":306,"column":33}},"118":{"start":{"line":308,"column":27},"end":{"line":308,"column":50}},"119":{"start":{"line":309,"column":10},"end":{"line":309,"column":35}},"120":{"start":{"line":312,"column":8},"end":{"line":314,"column":11}},"121":{"start":{"line":313,"column":10},"end":{"line":313,"column":38}},"122":{"start":{"line":317,"column":4},"end":{"line":317,"column":28}},"123":{"start":{"line":321,"column":21},"end":{"line":321,"column":30}},"124":{"start":{"line":322,"column":24},"end":{"line":322,"column":69}},"125":{"start":{"line":323,"column":19},"end":{"line":323,"column":30}},"126":{"start":{"line":325,"column":4},"end":{"line":343,"column":9}},"127":{"start":{"line":335,"column":8},"end":{"line":338,"column":11}},"128":{"start":{"line":336,"column":10},"end":{"line":336,"column":30}},"129":{"start":{"line":337,"column":10},"end":{"line":337,"column":33}},"130":{"start":{"line":340,"column":8},"end":{"line":342,"column":11}},"131":{"start":{"line":341,"column":10},"end":{"line":341,"column":34}},"132":{"start":{"line":345,"column":4},"end":{"line":345,"column":28}},"133":{"start":{"line":349,"column":3},"end":{"line":349,"column":35}},"134":{"start":{"line":354,"column":0},"end":{"line":354,"column":29}}},"fnMap":{"0":{"name":"(anonymous_0)","decl":{"start":{"line":19,"column":2},"end":{"line":19,"column":3}},"loc":{"start":{"line":19,"column":21},"end":{"line":36,"column":3}},"line":19},"1":{"name":"(anonymous_1)","decl":{"start":{"line":44,"column":2},"end":{"line":44,"column":3}},"loc":{"start":{"line":44,"column":32},"end":{"line":76,"column":3}},"line":44},"2":{"name":"(anonymous_2)","decl":{"start":{"line":78,"column":2},"end":{"line":78,"column":3}},"loc":{"start":{"line":78,"column":24},"end":{"line":84,"column":3}},"line":78},"3":{"name":"(anonymous_3)","decl":{"start":{"line":86,"column":2},"end":{"line":86,"column":3}},"loc":{"start":{"line":86,"column":23},"end":{"line":92,"column":3}},"line":86},"4":{"name":"(anonymous_4)","decl":{"start":{"line":101,"column":2},"end":{"line":101,"column":3}},"loc":{"start":{"line":101,"column":58},"end":{"line":132,"column":3}},"line":101},"5":{"name":"(anonymous_5)","decl":{"start":{"line":116,"column":14},"end":{"line":116,"column":15}},"loc":{"start":{"line":116,"column":31},"end":{"line":126,"column":9}},"line":116},"6":{"name":"(anonymous_6)","decl":{"start":{"line":117,"column":43},"end":{"line":117,"column":44}},"loc":{"start":{"line":117,"column":58},"end":{"line":121,"column":11}},"line":117},"7":{"name":"(anonymous_7)","decl":{"start":{"line":123,"column":42},"end":{"line":123,"column":43}},"loc":{"start":{"line":123,"column":53},"end":{"line":125,"column":11}},"line":123},"8":{"name":"(anonymous_8)","decl":{"start":{"line":134,"column":2},"end":{"line":134,"column":3}},"loc":{"start":{"line":134,"column":27},"end":{"line":139,"column":3}},"line":134},"9":{"name":"(anonymous_9)","decl":{"start":{"line":141,"column":2},"end":{"line":141,"column":3}},"loc":{"start":{"line":141,"column":29},"end":{"line":144,"column":3}},"line":141},"10":{"name":"(anonymous_10)","decl":{"start":{"line":146,"column":2},"end":{"line":146,"column":3}},"loc":{"start":{"line":146,"column":26},"end":{"line":148,"column":3}},"line":146},"11":{"name":"(anonymous_11)","decl":{"start":{"line":150,"column":2},"end":{"line":150,"column":3}},"loc":{"start":{"line":150,"column":46},"end":{"line":154,"column":3}},"line":150},"12":{"name":"(anonymous_12)","decl":{"start":{"line":156,"column":2},"end":{"line":156,"column":3}},"loc":{"start":{"line":156,"column":27},"end":{"line":162,"column":3}},"line":156},"13":{"name":"(anonymous_13)","decl":{"start":{"line":170,"column":2},"end":{"line":170,"column":3}},"loc":{"start":{"line":170,"column":43},"end":{"line":204,"column":3}},"line":170},"14":{"name":"(anonymous_14)","decl":{"start":{"line":186,"column":12},"end":{"line":186,"column":13}},"loc":{"start":{"line":186,"column":29},"end":{"line":201,"column":7}},"line":186},"15":{"name":"(anonymous_15)","decl":{"start":{"line":187,"column":41},"end":{"line":187,"column":42}},"loc":{"start":{"line":187,"column":49},"end":{"line":196,"column":9}},"line":187},"16":{"name":"(anonymous_16)","decl":{"start":{"line":198,"column":40},"end":{"line":198,"column":41}},"loc":{"start":{"line":198,"column":51},"end":{"line":200,"column":9}},"line":198},"17":{"name":"(anonymous_17)","decl":{"start":{"line":206,"column":2},"end":{"line":206,"column":3}},"loc":{"start":{"line":206,"column":31},"end":{"line":254,"column":3}},"line":206},"18":{"name":"(anonymous_18)","decl":{"start":{"line":227,"column":14},"end":{"line":227,"column":15}},"loc":{"start":{"line":227,"column":31},"end":{"line":248,"column":9}},"line":227},"19":{"name":"(anonymous_19)","decl":{"start":{"line":228,"column":43},"end":{"line":228,"column":44}},"loc":{"start":{"line":228,"column":66},"end":{"line":240,"column":11}},"line":228},"20":{"name":"(anonymous_20)","decl":{"start":{"line":242,"column":42},"end":{"line":242,"column":43}},"loc":{"start":{"line":242,"column":53},"end":{"line":247,"column":11}},"line":242},"21":{"name":"(anonymous_21)","decl":{"start":{"line":256,"column":2},"end":{"line":256,"column":3}},"loc":{"start":{"line":256,"column":62},"end":{"line":288,"column":3}},"line":256},"22":{"name":"(anonymous_22)","decl":{"start":{"line":272,"column":14},"end":{"line":272,"column":15}},"loc":{"start":{"line":272,"column":31},"end":{"line":282,"column":9}},"line":272},"23":{"name":"(anonymous_23)","decl":{"start":{"line":273,"column":43},"end":{"line":273,"column":44}},"loc":{"start":{"line":273,"column":58},"end":{"line":277,"column":11}},"line":273},"24":{"name":"(anonymous_24)","decl":{"start":{"line":279,"column":42},"end":{"line":279,"column":43}},"loc":{"start":{"line":279,"column":53},"end":{"line":281,"column":11}},"line":279},"25":{"name":"(anonymous_25)","decl":{"start":{"line":290,"column":2},"end":{"line":290,"column":3}},"loc":{"start":{"line":290,"column":41},"end":{"line":318,"column":3}},"line":290},"26":{"name":"(anonymous_26)","decl":{"start":{"line":304,"column":12},"end":{"line":304,"column":13}},"loc":{"start":{"line":304,"column":29},"end":{"line":315,"column":7}},"line":304},"27":{"name":"(anonymous_27)","decl":{"start":{"line":305,"column":41},"end":{"line":305,"column":42}},"loc":{"start":{"line":305,"column":49},"end":{"line":310,"column":9}},"line":305},"28":{"name":"(anonymous_28)","decl":{"start":{"line":312,"column":40},"end":{"line":312,"column":41}},"loc":{"start":{"line":312,"column":51},"end":{"line":314,"column":9}},"line":312},"29":{"name":"(anonymous_29)","decl":{"start":{"line":320,"column":2},"end":{"line":320,"column":3}},"loc":{"start":{"line":320,"column":38},"end":{"line":346,"column":3}},"line":320},"30":{"name":"(anonymous_30)","decl":{"start":{"line":334,"column":12},"end":{"line":334,"column":13}},"loc":{"start":{"line":334,"column":29},"end":{"line":343,"column":7}},"line":334},"31":{"name":"(anonymous_31)","decl":{"start":{"line":335,"column":41},"end":{"line":335,"column":42}},"loc":{"start":{"line":335,"column":49},"end":{"line":338,"column":9}},"line":335},"32":{"name":"(anonymous_32)","decl":{"start":{"line":340,"column":40},"end":{"line":340,"column":41}},"loc":{"start":{"line":340,"column":51},"end":{"line":342,"column":9}},"line":340},"33":{"name":"(anonymous_33)","decl":{"start":{"line":348,"column":2},"end":{"line":348,"column":3}},"loc":{"start":{"line":348,"column":25},"end":{"line":350,"column":3}},"line":348}},"branchMap":{"0":{"loc":{"start":{"line":45,"column":1},"end":{"line":46,"column":62}},"type":"if","locations":[{"start":{"line":45,"column":1},"end":{"line":46,"column":62}},{"start":{"line":45,"column":1},"end":{"line":46,"column":62}}],"line":45},"1":{"loc":{"start":{"line":49,"column":4},"end":{"line":73,"column":5}},"type":"if","locations":[{"start":{"line":49,"column":4},"end":{"line":73,"column":5}},{"start":{"line":49,"column":4},"end":{"line":73,"column":5}}],"line":49},"2":{"loc":{"start":{"line":54,"column":6},"end":{"line":56,"column":7}},"type":"if","locations":[{"start":{"line":54,"column":6},"end":{"line":56,"column":7}},{"start":{"line":54,"column":6},"end":{"line":56,"column":7}}],"line":54},"3":{"loc":{"start":{"line":58,"column":6},"end":{"line":66,"column":7}},"type":"if","locations":[{"start":{"line":58,"column":6},"end":{"line":66,"column":7}},{"start":{"line":58,"column":6},"end":{"line":66,"column":7}}],"line":58},"4":{"loc":{"start":{"line":59,"column":8},"end":{"line":63,"column":9}},"type":"if","locations":[{"start":{"line":59,"column":8},"end":{"line":63,"column":9}},{"start":{"line":59,"column":8},"end":{"line":63,"column":9}}],"line":59},"5":{"loc":{"start":{"line":68,"column":6},"end":{"line":70,"column":7}},"type":"if","locations":[{"start":{"line":68,"column":6},"end":{"line":70,"column":7}},{"start":{"line":68,"column":6},"end":{"line":70,"column":7}}],"line":68},"6":{"loc":{"start":{"line":80,"column":4},"end":{"line":83,"column":18}},"type":"if","locations":[{"start":{"line":80,"column":4},"end":{"line":83,"column":18}},{"start":{"line":80,"column":4},"end":{"line":83,"column":18}}],"line":80},"7":{"loc":{"start":{"line":88,"column":4},"end":{"line":91,"column":18}},"type":"if","locations":[{"start":{"line":88,"column":4},"end":{"line":91,"column":18}},{"start":{"line":88,"column":4},"end":{"line":91,"column":18}}],"line":88},"8":{"loc":{"start":{"line":105,"column":4},"end":{"line":129,"column":5}},"type":"if","locations":[{"start":{"line":105,"column":4},"end":{"line":129,"column":5}},{"start":{"line":105,"column":4},"end":{"line":129,"column":5}}],"line":105},"9":{"loc":{"start":{"line":157,"column":4},"end":{"line":159,"column":5}},"type":"if","locations":[{"start":{"line":157,"column":4},"end":{"line":159,"column":5}},{"start":{"line":157,"column":4},"end":{"line":159,"column":5}}],"line":157},"10":{"loc":{"start":{"line":192,"column":10},"end":{"line":195,"column":11}},"type":"if","locations":[{"start":{"line":192,"column":10},"end":{"line":195,"column":11}},{"start":{"line":192,"column":10},"end":{"line":195,"column":11}}],"line":192},"11":{"loc":{"start":{"line":211,"column":4},"end":{"line":251,"column":5}},"type":"if","locations":[{"start":{"line":211,"column":4},"end":{"line":251,"column":5}},{"start":{"line":211,"column":4},"end":{"line":251,"column":5}}],"line":211},"12":{"loc":{"start":{"line":243,"column":12},"end":{"line":246,"column":13}},"type":"if","locations":[{"start":{"line":243,"column":12},"end":{"line":246,"column":13}},{"start":{"line":243,"column":12},"end":{"line":246,"column":13}}],"line":243},"13":{"loc":{"start":{"line":260,"column":4},"end":{"line":285,"column":5}},"type":"if","locations":[{"start":{"line":260,"column":4},"end":{"line":285,"column":5}},{"start":{"line":260,"column":4},"end":{"line":285,"column":5}}],"line":260}},"s":{"0":1,"1":1,"2":1,"3":1,"4":1,"5":1,"6":1,"7":1,"8":1,"9":1,"10":1,"11":1,"12":6,"13":6,"14":6,"15":6,"16":6,"17":4,"18":0,"19":4,"20":4,"21":0,"22":0,"23":0,"24":0,"25":0,"26":0,"27":0,"28":0,"29":0,"30":0,"31":0,"32":0,"33":4,"34":4,"35":1,"36":1,"37":0,"38":1,"39":1,"40":1,"41":0,"42":1,"43":10,"44":10,"45":10,"46":10,"47":10,"48":10,"49":8,"50":8,"51":10,"52":10,"53":0,"54":10,"55":3,"56":3,"57":3,"58":1,"59":1,"60":0,"61":5,"62":5,"63":4,"64":3,"65":4,"66":0,"67":0,"68":0,"69":0,"70":0,"71":0,"72":0,"73":0,"74":0,"75":0,"76":0,"77":0,"78":0,"79":0,"80":0,"81":0,"82":0,"83":0,"84":0,"85":0,"86":0,"87":0,"88":0,"89":0,"90":0,"91":0,"92":0,"93":0,"94":0,"95":0,"96":0,"97":0,"98":0,"99":0,"100":0,"101":0,"102":0,"103":0,"104":0,"105":0,"106":0,"107":0,"108":0,"109":0,"110":0,"111":0,"112":0,"113":0,"114":0,"115":0,"116":0,"117":0,"118":0,"119":0,"120":0,"121":0,"122":0,"123":0,"124":0,"125":0,"126":0,"127":0,"128":0,"129":0,"130":0,"131":0,"132":0,"133":0,"134":1},"f":{"0":6,"1":4,"2":1,"3":1,"4":10,"5":10,"6":8,"7":10,"8":3,"9":1,"10":0,"11":5,"12":4,"13":0,"14":0,"15":0,"16":0,"17":0,"18":0,"19":0,"20":0,"21":0,"22":0,"23":0,"24":0,"25":0,"26":0,"27":0,"28":0,"29":0,"30":0,"31":0,"32":0,"33":0},"b":{"0":[0,4],"1":[0,4],"2":[0,0],"3":[0,0],"4":[0,0],"5":[0,0],"6":[0,1],"7":[0,1],"8":[10,0],"9":[3,1],"10":[0,0],"11":[0,0],"12":[0,0],"13":[0,0]},"_coverageSchema":"43e27e138ebf9cfc5966b082cf9a028302ed4184","hash":"9b3111dd033e9c92502ad766bd7474453a969b05","contentHash":"d489bd0bfd61a21da5105cf759a5fb391eb72d36e1922a6046217ce3b1b4b91c"}
,"D:\\Documents\\S6\\ASW\\Practicas\\dechat_es6a2\\src\\lib\\Services\\CreateService.js": {"path":"D:\\Documents\\S6\\ASW\\Practicas\\dechat_es6a2\\src\\lib\\Services\\CreateService.js","statementMap":{"0":{"start":{"line":1,"column":11},"end":{"line":1,"column":24}},"1":{"start":{"line":2,"column":10},"end":{"line":2,"column":22}},"2":{"start":{"line":3,"column":18},"end":{"line":3,"column":72}},"3":{"start":{"line":4,"column":19},"end":{"line":4,"column":43}},"4":{"start":{"line":5,"column":15},"end":{"line":5,"column":32}},"5":{"start":{"line":6,"column":16},"end":{"line":6,"column":34}},"6":{"start":{"line":7,"column":12},"end":{"line":7,"column":29}},"7":{"start":{"line":8,"column":13},"end":{"line":8,"column":41}},"8":{"start":{"line":11,"column":4},"end":{"line":11,"column":23}},"9":{"start":{"line":12,"column":27},"end":{"line":12,"column":80}},"10":{"start":{"line":13,"column":21},"end":{"line":13,"column":47}},"11":{"start":{"line":14,"column":14},"end":{"line":14,"column":33}},"12":{"start":{"line":15,"column":20},"end":{"line":15,"column":44}},"13":{"start":{"line":16,"column":17},"end":{"line":16,"column":67}},"14":{"start":{"line":18,"column":15},"end":{"line":18,"column":39}},"15":{"start":{"line":20,"column":18},"end":{"line":20,"column":45}},"16":{"start":{"line":24,"column":8},"end":{"line":24,"column":27}},"17":{"start":{"line":25,"column":8},"end":{"line":31,"column":11}},"18":{"start":{"line":38,"column":24},"end":{"line":38,"column":83}},"19":{"start":{"line":39,"column":29},"end":{"line":44,"column":10}},"20":{"start":{"line":46,"column":18},"end":{"line":46,"column":20}},"21":{"start":{"line":47,"column":8},"end":{"line":47,"column":36}},"22":{"start":{"line":49,"column":8},"end":{"line":49,"column":88}},"23":{"start":{"line":51,"column":8},"end":{"line":51,"column":28}},"24":{"start":{"line":56,"column":24},"end":{"line":56,"column":83}},"25":{"start":{"line":57,"column":22},"end":{"line":65,"column":10}},"26":{"start":{"line":67,"column":2},"end":{"line":67,"column":21}},"27":{"start":{"line":69,"column":8},"end":{"line":69,"column":164}},"28":{"start":{"line":71,"column":8},"end":{"line":71,"column":21}},"29":{"start":{"line":76,"column":2},"end":{"line":76,"column":32}},"30":{"start":{"line":78,"column":8},"end":{"line":85,"column":9}},"31":{"start":{"line":79,"column":12},"end":{"line":81,"column":55}},"32":{"start":{"line":83,"column":12},"end":{"line":83,"column":62}},"33":{"start":{"line":84,"column":12},"end":{"line":84,"column":33}},"34":{"start":{"line":86,"column":2},"end":{"line":86,"column":95}},"35":{"start":{"line":90,"column":11},"end":{"line":90,"column":20}},"36":{"start":{"line":91,"column":2},"end":{"line":91,"column":18}},"37":{"start":{"line":92,"column":3},"end":{"line":132,"column":11}},"38":{"start":{"line":94,"column":12},"end":{"line":106,"column":13}},"39":{"start":{"line":95,"column":4},"end":{"line":95,"column":30}},"40":{"start":{"line":96,"column":16},"end":{"line":96,"column":107}},"41":{"start":{"line":97,"column":16},"end":{"line":104,"column":19}},"42":{"start":{"line":98,"column":20},"end":{"line":103,"column":6}},"43":{"start":{"line":99,"column":6},"end":{"line":102,"column":36}},"44":{"start":{"line":100,"column":7},"end":{"line":100,"column":39}},"45":{"start":{"line":102,"column":7},"end":{"line":102,"column":36}},"46":{"start":{"line":107,"column":3},"end":{"line":107,"column":19}},"47":{"start":{"line":109,"column":12},"end":{"line":109,"column":59}},"48":{"start":{"line":111,"column":3},"end":{"line":114,"column":106}},"49":{"start":{"line":112,"column":4},"end":{"line":112,"column":109}},"50":{"start":{"line":114,"column":4},"end":{"line":114,"column":106}},"51":{"start":{"line":115,"column":12},"end":{"line":115,"column":36}},"52":{"start":{"line":116,"column":3},"end":{"line":122,"column":9}},"53":{"start":{"line":117,"column":12},"end":{"line":117,"column":97}},"54":{"start":{"line":119,"column":3},"end":{"line":119,"column":20}},"55":{"start":{"line":120,"column":12},"end":{"line":120,"column":57}},"56":{"start":{"line":121,"column":12},"end":{"line":121,"column":28}},"57":{"start":{"line":123,"column":12},"end":{"line":131,"column":13}},"58":{"start":{"line":124,"column":4},"end":{"line":127,"column":105}},"59":{"start":{"line":125,"column":4},"end":{"line":125,"column":108}},"60":{"start":{"line":127,"column":4},"end":{"line":127,"column":105}},"61":{"start":{"line":129,"column":16},"end":{"line":129,"column":80}},"62":{"start":{"line":130,"column":16},"end":{"line":130,"column":37}},"63":{"start":{"line":137,"column":30},"end":{"line":137,"column":85}},"64":{"start":{"line":139,"column":29},"end":{"line":144,"column":3}},"65":{"start":{"line":146,"column":8},"end":{"line":146,"column":28}},"66":{"start":{"line":152,"column":0},"end":{"line":152,"column":31}}},"fnMap":{"0":{"name":"(anonymous_0)","decl":{"start":{"line":23,"column":4},"end":{"line":23,"column":5}},"loc":{"start":{"line":23,"column":23},"end":{"line":32,"column":5}},"line":23},"1":{"name":"(anonymous_1)","decl":{"start":{"line":37,"column":4},"end":{"line":37,"column":5}},"loc":{"start":{"line":37,"column":66},"end":{"line":52,"column":5}},"line":37},"2":{"name":"(anonymous_2)","decl":{"start":{"line":54,"column":4},"end":{"line":54,"column":5}},"loc":{"start":{"line":54,"column":80},"end":{"line":72,"column":5}},"line":54},"3":{"name":"(anonymous_3)","decl":{"start":{"line":74,"column":4},"end":{"line":74,"column":5}},"loc":{"start":{"line":74,"column":95},"end":{"line":87,"column":5}},"line":74},"4":{"name":"(anonymous_4)","decl":{"start":{"line":89,"column":1},"end":{"line":89,"column":2}},"loc":{"start":{"line":89,"column":89},"end":{"line":133,"column":3}},"line":89},"5":{"name":"(anonymous_5)","decl":{"start":{"line":92,"column":30},"end":{"line":92,"column":31}},"loc":{"start":{"line":92,"column":57},"end":{"line":132,"column":9}},"line":92},"6":{"name":"(anonymous_6)","decl":{"start":{"line":97,"column":43},"end":{"line":97,"column":44}},"loc":{"start":{"line":97,"column":66},"end":{"line":104,"column":17}},"line":97},"7":{"name":"(anonymous_7)","decl":{"start":{"line":136,"column":4},"end":{"line":136,"column":5}},"loc":{"start":{"line":136,"column":77},"end":{"line":147,"column":5}},"line":136}},"branchMap":{"0":{"loc":{"start":{"line":94,"column":12},"end":{"line":106,"column":13}},"type":"if","locations":[{"start":{"line":94,"column":12},"end":{"line":106,"column":13}},{"start":{"line":94,"column":12},"end":{"line":106,"column":13}}],"line":94},"1":{"loc":{"start":{"line":98,"column":20},"end":{"line":103,"column":6}},"type":"if","locations":[{"start":{"line":98,"column":20},"end":{"line":103,"column":6}},{"start":{"line":98,"column":20},"end":{"line":103,"column":6}}],"line":98},"2":{"loc":{"start":{"line":99,"column":6},"end":{"line":102,"column":36}},"type":"if","locations":[{"start":{"line":99,"column":6},"end":{"line":102,"column":36}},{"start":{"line":99,"column":6},"end":{"line":102,"column":36}}],"line":99},"3":{"loc":{"start":{"line":111,"column":3},"end":{"line":114,"column":106}},"type":"if","locations":[{"start":{"line":111,"column":3},"end":{"line":114,"column":106}},{"start":{"line":111,"column":3},"end":{"line":114,"column":106}}],"line":111},"4":{"loc":{"start":{"line":124,"column":4},"end":{"line":127,"column":105}},"type":"if","locations":[{"start":{"line":124,"column":4},"end":{"line":127,"column":105}},{"start":{"line":124,"column":4},"end":{"line":127,"column":105}}],"line":124}},"s":{"0":1,"1":1,"2":1,"3":1,"4":1,"5":1,"6":1,"7":1,"8":1,"9":1,"10":1,"11":1,"12":1,"13":1,"14":1,"15":1,"16":2,"17":2,"18":1,"19":1,"20":1,"21":1,"22":1,"23":1,"24":1,"25":1,"26":1,"27":1,"28":1,"29":2,"30":2,"31":2,"32":0,"33":0,"34":2,"35":2,"36":2,"37":2,"38":3,"39":2,"40":2,"41":2,"42":4,"43":2,"44":0,"45":2,"46":3,"47":3,"48":3,"49":0,"50":3,"51":3,"52":3,"53":3,"54":0,"55":0,"56":0,"57":3,"58":3,"59":0,"60":3,"61":0,"62":0,"63":3,"64":3,"65":3,"66":1},"f":{"0":2,"1":1,"2":1,"3":2,"4":2,"5":3,"6":4,"7":3},"b":{"0":[2,1],"1":[2,2],"2":[0,2],"3":[0,3],"4":[0,3]},"_coverageSchema":"43e27e138ebf9cfc5966b082cf9a028302ed4184","hash":"dbb40f599da0eff4d283db2de0cf7202458977ee","contentHash":"ca2429491208f79c12e6c5b36c6bf2ab6e718608d9c1d12c7db15071f854420c"}
,"D:\\Documents\\S6\\ASW\\Practicas\\dechat_es6a2\\src\\lib\\Services\\JoinService.js": {"path":"D:\\Documents\\S6\\ASW\\Practicas\\dechat_es6a2\\src\\lib\\Services\\JoinService.js","statementMap":{"0":{"start":{"line":1,"column":11},"end":{"line":1,"column":24}},"1":{"start":{"line":2,"column":10},"end":{"line":2,"column":22}},"2":{"start":{"line":4,"column":19},"end":{"line":4,"column":43}},"3":{"start":{"line":5,"column":15},"end":{"line":5,"column":32}},"4":{"start":{"line":6,"column":16},"end":{"line":6,"column":34}},"5":{"start":{"line":7,"column":12},"end":{"line":7,"column":29}},"6":{"start":{"line":8,"column":13},"end":{"line":8,"column":41}},"7":{"start":{"line":11,"column":4},"end":{"line":11,"column":23}},"8":{"start":{"line":12,"column":27},"end":{"line":12,"column":80}},"9":{"start":{"line":13,"column":20},"end":{"line":13,"column":44}},"10":{"start":{"line":14,"column":22},"end":{"line":14,"column":48}},"11":{"start":{"line":15,"column":17},"end":{"line":15,"column":67}},"12":{"start":{"line":16,"column":21},"end":{"line":16,"column":47}},"13":{"start":{"line":17,"column":14},"end":{"line":17,"column":33}},"14":{"start":{"line":19,"column":15},"end":{"line":19,"column":39}},"15":{"start":{"line":21,"column":18},"end":{"line":21,"column":45}},"16":{"start":{"line":22,"column":20},"end":{"line":22,"column":49}},"17":{"start":{"line":26,"column":8},"end":{"line":26,"column":27}},"18":{"start":{"line":27,"column":8},"end":{"line":33,"column":11}},"19":{"start":{"line":38,"column":18},"end":{"line":38,"column":35}},"20":{"start":{"line":39,"column":21},"end":{"line":39,"column":23}},"21":{"start":{"line":40,"column":2},"end":{"line":40,"column":19}},"22":{"start":{"line":41,"column":2},"end":{"line":46,"column":3}},"23":{"start":{"line":42,"column":3},"end":{"line":42,"column":84}},"24":{"start":{"line":43,"column":3},"end":{"line":43,"column":26}},"25":{"start":{"line":45,"column":3},"end":{"line":45,"column":32}},"26":{"start":{"line":47,"column":2},"end":{"line":47,"column":19}},"27":{"start":{"line":48,"column":2},"end":{"line":60,"column":11}},"28":{"start":{"line":50,"column":12},"end":{"line":50,"column":56}},"29":{"start":{"line":51,"column":31},"end":{"line":51,"column":107}},"30":{"start":{"line":52,"column":12},"end":{"line":52,"column":36}},"31":{"start":{"line":53,"column":3},"end":{"line":59,"column":9}},"32":{"start":{"line":54,"column":12},"end":{"line":54,"column":97}},"33":{"start":{"line":56,"column":3},"end":{"line":56,"column":20}},"34":{"start":{"line":57,"column":12},"end":{"line":57,"column":57}},"35":{"start":{"line":58,"column":12},"end":{"line":58,"column":28}},"36":{"start":{"line":61,"column":2},"end":{"line":61,"column":25}},"37":{"start":{"line":62,"column":8},"end":{"line":70,"column":9}},"38":{"start":{"line":63,"column":12},"end":{"line":65,"column":59}},"39":{"start":{"line":67,"column":3},"end":{"line":67,"column":20}},"40":{"start":{"line":68,"column":12},"end":{"line":68,"column":57}},"41":{"start":{"line":69,"column":12},"end":{"line":69,"column":28}},"42":{"start":{"line":78,"column":2},"end":{"line":78,"column":31}},"43":{"start":{"line":79,"column":2},"end":{"line":79,"column":20}},"44":{"start":{"line":81,"column":8},"end":{"line":101,"column":9}},"45":{"start":{"line":82,"column":23},"end":{"line":82,"column":57}},"46":{"start":{"line":83,"column":12},"end":{"line":83,"column":40}},"47":{"start":{"line":84,"column":12},"end":{"line":92,"column":15}},"48":{"start":{"line":94,"column":12},"end":{"line":100,"column":15}},"49":{"start":{"line":102,"column":2},"end":{"line":102,"column":32}},"50":{"start":{"line":103,"column":2},"end":{"line":103,"column":26}},"51":{"start":{"line":105,"column":8},"end":{"line":105,"column":26}},"52":{"start":{"line":109,"column":2},"end":{"line":109,"column":23}},"53":{"start":{"line":110,"column":13},"end":{"line":110,"column":53}},"54":{"start":{"line":111,"column":22},"end":{"line":111,"column":33}},"55":{"start":{"line":112,"column":2},"end":{"line":112,"column":23}},"56":{"start":{"line":113,"column":26},"end":{"line":113,"column":43}},"57":{"start":{"line":114,"column":2},"end":{"line":114,"column":25}},"58":{"start":{"line":115,"column":20},"end":{"line":115,"column":30}},"59":{"start":{"line":116,"column":2},"end":{"line":116,"column":28}},"60":{"start":{"line":117,"column":20},"end":{"line":117,"column":37}},"61":{"start":{"line":118,"column":8},"end":{"line":118,"column":44}},"62":{"start":{"line":120,"column":8},"end":{"line":125,"column":10}},"63":{"start":{"line":129,"column":0},"end":{"line":129,"column":33}}},"fnMap":{"0":{"name":"(anonymous_0)","decl":{"start":{"line":25,"column":4},"end":{"line":25,"column":5}},"loc":{"start":{"line":25,"column":23},"end":{"line":34,"column":5}},"line":25},"1":{"name":"(anonymous_1)","decl":{"start":{"line":37,"column":4},"end":{"line":37,"column":5}},"loc":{"start":{"line":37,"column":94},"end":{"line":74,"column":5}},"line":37},"2":{"name":"(anonymous_2)","decl":{"start":{"line":48,"column":23},"end":{"line":48,"column":24}},"loc":{"start":{"line":48,"column":36},"end":{"line":60,"column":9}},"line":48},"3":{"name":"(anonymous_3)","decl":{"start":{"line":77,"column":4},"end":{"line":77,"column":5}},"loc":{"start":{"line":77,"column":67},"end":{"line":106,"column":5}},"line":77},"4":{"name":"(anonymous_4)","decl":{"start":{"line":108,"column":4},"end":{"line":108,"column":5}},"loc":{"start":{"line":108,"column":34},"end":{"line":126,"column":5}},"line":108}},"branchMap":{"0":{"loc":{"start":{"line":41,"column":2},"end":{"line":46,"column":3}},"type":"if","locations":[{"start":{"line":41,"column":2},"end":{"line":46,"column":3}},{"start":{"line":41,"column":2},"end":{"line":46,"column":3}}],"line":41},"1":{"loc":{"start":{"line":81,"column":8},"end":{"line":101,"column":9}},"type":"if","locations":[{"start":{"line":81,"column":8},"end":{"line":101,"column":9}},{"start":{"line":81,"column":8},"end":{"line":101,"column":9}}],"line":81}},"s":{"0":1,"1":1,"2":1,"3":1,"4":1,"5":1,"6":1,"7":1,"8":1,"9":1,"10":1,"11":1,"12":1,"13":1,"14":1,"15":1,"16":1,"17":1,"18":1,"19":0,"20":0,"21":0,"22":0,"23":0,"24":0,"25":0,"26":0,"27":0,"28":0,"29":0,"30":0,"31":0,"32":0,"33":0,"34":0,"35":0,"36":0,"37":0,"38":0,"39":0,"40":0,"41":0,"42":0,"43":0,"44":0,"45":0,"46":0,"47":0,"48":0,"49":0,"50":0,"51":0,"52":0,"53":0,"54":0,"55":0,"56":0,"57":0,"58":0,"59":0,"60":0,"61":0,"62":0,"63":1},"f":{"0":1,"1":0,"2":0,"3":0,"4":0},"b":{"0":[0,0],"1":[0,0]},"_coverageSchema":"43e27e138ebf9cfc5966b082cf9a028302ed4184","hash":"aace91cf9eec85652da7cbed2cdb0544bc9210fa","contentHash":"eeddac37411150381f84238448b1bc87634d7897b799439a9f56a666d8589f6a"}
,"D:\\Documents\\S6\\ASW\\Practicas\\dechat_es6a2\\src\\lib\\Services\\MessageService.js": {"path":"D:\\Documents\\S6\\ASW\\Practicas\\dechat_es6a2\\src\\lib\\Services\\MessageService.js","statementMap":{"0":{"start":{"line":1,"column":11},"end":{"line":1,"column":24}},"1":{"start":{"line":2,"column":10},"end":{"line":2,"column":22}},"2":{"start":{"line":3,"column":18},"end":{"line":3,"column":72}},"3":{"start":{"line":4,"column":19},"end":{"line":4,"column":43}},"4":{"start":{"line":5,"column":15},"end":{"line":5,"column":32}},"5":{"start":{"line":6,"column":16},"end":{"line":6,"column":34}},"6":{"start":{"line":7,"column":12},"end":{"line":7,"column":29}},"7":{"start":{"line":8,"column":13},"end":{"line":8,"column":41}},"8":{"start":{"line":11,"column":4},"end":{"line":11,"column":23}},"9":{"start":{"line":12,"column":27},"end":{"line":12,"column":80}},"10":{"start":{"line":13,"column":20},"end":{"line":13,"column":44}},"11":{"start":{"line":14,"column":17},"end":{"line":14,"column":67}},"12":{"start":{"line":16,"column":15},"end":{"line":16,"column":39}},"13":{"start":{"line":17,"column":18},"end":{"line":17,"column":45}},"14":{"start":{"line":21,"column":4},"end":{"line":21,"column":23}},"15":{"start":{"line":22,"column":1},"end":{"line":28,"column":7}},"16":{"start":{"line":34,"column":21},"end":{"line":34,"column":30}},"17":{"start":{"line":35,"column":24},"end":{"line":35,"column":69}},"18":{"start":{"line":36,"column":4},"end":{"line":78,"column":5}},"19":{"start":{"line":37,"column":21},"end":{"line":37,"column":32}},"20":{"start":{"line":38,"column":25},"end":{"line":38,"column":30}},"21":{"start":{"line":40,"column":6},"end":{"line":75,"column":11}},"22":{"start":{"line":52,"column":10},"end":{"line":68,"column":13}},"23":{"start":{"line":54,"column":12},"end":{"line":54,"column":32}},"24":{"start":{"line":55,"column":12},"end":{"line":55,"column":39}},"25":{"start":{"line":56,"column":31},"end":{"line":56,"column":55}},"26":{"start":{"line":57,"column":32},"end":{"line":57,"column":126}},"27":{"start":{"line":58,"column":27},"end":{"line":58,"column":77}},"28":{"start":{"line":59,"column":25},"end":{"line":59,"column":60}},"29":{"start":{"line":60,"column":29},"end":{"line":60,"column":36}},"30":{"start":{"line":61,"column":12},"end":{"line":67,"column":15}},"31":{"start":{"line":70,"column":10},"end":{"line":74,"column":13}},"32":{"start":{"line":71,"column":12},"end":{"line":73,"column":13}},"33":{"start":{"line":72,"column":14},"end":{"line":72,"column":37}},"34":{"start":{"line":77,"column":6},"end":{"line":77,"column":29}},"35":{"start":{"line":80,"column":4},"end":{"line":80,"column":28}},"36":{"start":{"line":84,"column":22},"end":{"line":84,"column":77}},"37":{"start":{"line":85,"column":23},"end":{"line":85,"column":55}},"38":{"start":{"line":87,"column":23},"end":{"line":87,"column":82}},"39":{"start":{"line":88,"column":25},"end":{"line":93,"column":4}},"40":{"start":{"line":94,"column":4},"end":{"line":99,"column":5}},"41":{"start":{"line":95,"column":6},"end":{"line":95,"column":94}},"42":{"start":{"line":97,"column":6},"end":{"line":97,"column":55}},"43":{"start":{"line":98,"column":6},"end":{"line":98,"column":27}},"44":{"start":{"line":103,"column":4},"end":{"line":125,"column":5}},"45":{"start":{"line":104,"column":12},"end":{"line":104,"column":14}},"46":{"start":{"line":105,"column":2},"end":{"line":108,"column":31}},"47":{"start":{"line":106,"column":3},"end":{"line":106,"column":17}},"48":{"start":{"line":108,"column":3},"end":{"line":108,"column":31}},"49":{"start":{"line":109,"column":2},"end":{"line":109,"column":19}},"50":{"start":{"line":110,"column":2},"end":{"line":124,"column":3}},"51":{"start":{"line":111,"column":3},"end":{"line":111,"column":95}},"52":{"start":{"line":114,"column":2},"end":{"line":123,"column":6}},"53":{"start":{"line":115,"column":4},"end":{"line":123,"column":3}},"54":{"start":{"line":116,"column":4},"end":{"line":119,"column":93}},"55":{"start":{"line":117,"column":5},"end":{"line":117,"column":99}},"56":{"start":{"line":119,"column":5},"end":{"line":119,"column":93}},"57":{"start":{"line":121,"column":3},"end":{"line":121,"column":64}},"58":{"start":{"line":122,"column":3},"end":{"line":122,"column":24}},"59":{"start":{"line":134,"column":4},"end":{"line":134,"column":97}},"60":{"start":{"line":137,"column":0},"end":{"line":137,"column":32}}},"fnMap":{"0":{"name":"(anonymous_0)","decl":{"start":{"line":20,"column":2},"end":{"line":20,"column":3}},"loc":{"start":{"line":20,"column":21},"end":{"line":29,"column":3}},"line":20},"1":{"name":"(anonymous_1)","decl":{"start":{"line":33,"column":2},"end":{"line":33,"column":3}},"loc":{"start":{"line":33,"column":42},"end":{"line":81,"column":3}},"line":33},"2":{"name":"(anonymous_2)","decl":{"start":{"line":51,"column":14},"end":{"line":51,"column":15}},"loc":{"start":{"line":51,"column":31},"end":{"line":75,"column":9}},"line":51},"3":{"name":"(anonymous_3)","decl":{"start":{"line":52,"column":43},"end":{"line":52,"column":44}},"loc":{"start":{"line":52,"column":66},"end":{"line":68,"column":11}},"line":52},"4":{"name":"(anonymous_4)","decl":{"start":{"line":70,"column":42},"end":{"line":70,"column":43}},"loc":{"start":{"line":70,"column":53},"end":{"line":74,"column":11}},"line":70},"5":{"name":"(anonymous_5)","decl":{"start":{"line":83,"column":2},"end":{"line":83,"column":3}},"loc":{"start":{"line":83,"column":106},"end":{"line":127,"column":3}},"line":83},"6":{"name":"(anonymous_6)","decl":{"start":{"line":114,"column":14},"end":{"line":114,"column":15}},"loc":{"start":{"line":114,"column":26},"end":{"line":123,"column":4}},"line":114},"7":{"name":"(anonymous_7)","decl":{"start":{"line":133,"column":2},"end":{"line":133,"column":3}},"loc":{"start":{"line":133,"column":33},"end":{"line":135,"column":3}},"line":133}},"branchMap":{"0":{"loc":{"start":{"line":36,"column":4},"end":{"line":78,"column":5}},"type":"if","locations":[{"start":{"line":36,"column":4},"end":{"line":78,"column":5}},{"start":{"line":36,"column":4},"end":{"line":78,"column":5}}],"line":36},"1":{"loc":{"start":{"line":71,"column":12},"end":{"line":73,"column":13}},"type":"if","locations":[{"start":{"line":71,"column":12},"end":{"line":73,"column":13}},{"start":{"line":71,"column":12},"end":{"line":73,"column":13}}],"line":71},"2":{"loc":{"start":{"line":103,"column":4},"end":{"line":125,"column":5}},"type":"if","locations":[{"start":{"line":103,"column":4},"end":{"line":125,"column":5}},{"start":{"line":103,"column":4},"end":{"line":125,"column":5}}],"line":103},"3":{"loc":{"start":{"line":105,"column":2},"end":{"line":108,"column":31}},"type":"if","locations":[{"start":{"line":105,"column":2},"end":{"line":108,"column":31}},{"start":{"line":105,"column":2},"end":{"line":108,"column":31}}],"line":105},"4":{"loc":{"start":{"line":110,"column":2},"end":{"line":124,"column":3}},"type":"if","locations":[{"start":{"line":110,"column":2},"end":{"line":124,"column":3}},{"start":{"line":110,"column":2},"end":{"line":124,"column":3}}],"line":110},"5":{"loc":{"start":{"line":116,"column":4},"end":{"line":119,"column":93}},"type":"if","locations":[{"start":{"line":116,"column":4},"end":{"line":119,"column":93}},{"start":{"line":116,"column":4},"end":{"line":119,"column":93}}],"line":116}},"s":{"0":1,"1":1,"2":1,"3":1,"4":1,"5":1,"6":1,"7":1,"8":1,"9":1,"10":1,"11":1,"12":1,"13":1,"14":1,"15":1,"16":0,"17":0,"18":0,"19":0,"20":0,"21":0,"22":0,"23":0,"24":0,"25":0,"26":0,"27":0,"28":0,"29":0,"30":0,"31":0,"32":0,"33":0,"34":0,"35":0,"36":0,"37":0,"38":0,"39":0,"40":0,"41":0,"42":0,"43":0,"44":0,"45":0,"46":0,"47":0,"48":0,"49":0,"50":0,"51":0,"52":0,"53":0,"54":0,"55":0,"56":0,"57":0,"58":0,"59":0,"60":1},"f":{"0":1,"1":0,"2":0,"3":0,"4":0,"5":0,"6":0,"7":0},"b":{"0":[0,0],"1":[0,0],"2":[0,0],"3":[0,0],"4":[0,0],"5":[0,0]},"_coverageSchema":"43e27e138ebf9cfc5966b082cf9a028302ed4184","hash":"5b96b5b60d98f906f294a10e028a97df866348f3","contentHash":"706d12b13517bb7be5ee271a4db355c730f99a6bbd1097185d4d9050fe709025"}
,"D:\\Documents\\S6\\ASW\\Practicas\\dechat_es6a2\\src\\lib\\Services\\OpenService.js": {"path":"D:\\Documents\\S6\\ASW\\Practicas\\dechat_es6a2\\src\\lib\\Services\\OpenService.js","statementMap":{"0":{"start":{"line":1,"column":11},"end":{"line":1,"column":24}},"1":{"start":{"line":2,"column":10},"end":{"line":2,"column":22}},"2":{"start":{"line":3,"column":18},"end":{"line":3,"column":72}},"3":{"start":{"line":4,"column":19},"end":{"line":4,"column":43}},"4":{"start":{"line":5,"column":15},"end":{"line":5,"column":32}},"5":{"start":{"line":6,"column":16},"end":{"line":6,"column":34}},"6":{"start":{"line":7,"column":12},"end":{"line":7,"column":29}},"7":{"start":{"line":8,"column":13},"end":{"line":8,"column":41}},"8":{"start":{"line":11,"column":4},"end":{"line":11,"column":23}},"9":{"start":{"line":12,"column":27},"end":{"line":12,"column":80}},"10":{"start":{"line":13,"column":15},"end":{"line":13,"column":63}},"11":{"start":{"line":15,"column":13},"end":{"line":15,"column":35}},"12":{"start":{"line":20,"column":4},"end":{"line":20,"column":23}},"13":{"start":{"line":21,"column":1},"end":{"line":27,"column":7}},"14":{"start":{"line":37,"column":21},"end":{"line":37,"column":30}},"15":{"start":{"line":38,"column":24},"end":{"line":38,"column":67}},"16":{"start":{"line":40,"column":4},"end":{"line":77,"column":5}},"17":{"start":{"line":41,"column":21},"end":{"line":41,"column":32}},"18":{"start":{"line":42,"column":23},"end":{"line":42,"column":25}},"19":{"start":{"line":43,"column":23},"end":{"line":43,"column":25}},"20":{"start":{"line":45,"column":6},"end":{"line":74,"column":11}},"21":{"start":{"line":56,"column":10},"end":{"line":66,"column":13}},"22":{"start":{"line":57,"column":29},"end":{"line":57,"column":38}},"23":{"start":{"line":58,"column":12},"end":{"line":58,"column":44}},"24":{"start":{"line":59,"column":12},"end":{"line":59,"column":35}},"25":{"start":{"line":60,"column":12},"end":{"line":64,"column":15}},"26":{"start":{"line":65,"column":12},"end":{"line":65,"column":31}},"27":{"start":{"line":68,"column":10},"end":{"line":73,"column":13}},"28":{"start":{"line":69,"column":12},"end":{"line":72,"column":15}},"29":{"start":{"line":71,"column":14},"end":{"line":71,"column":41}},"30":{"start":{"line":76,"column":6},"end":{"line":76,"column":29}},"31":{"start":{"line":79,"column":4},"end":{"line":79,"column":28}},"32":{"start":{"line":89,"column":21},"end":{"line":89,"column":30}},"33":{"start":{"line":90,"column":24},"end":{"line":90,"column":69}},"34":{"start":{"line":91,"column":19},"end":{"line":91,"column":30}},"35":{"start":{"line":93,"column":4},"end":{"line":112,"column":9}},"36":{"start":{"line":103,"column":8},"end":{"line":107,"column":11}},"37":{"start":{"line":104,"column":10},"end":{"line":104,"column":33}},"38":{"start":{"line":106,"column":10},"end":{"line":106,"column":47}},"39":{"start":{"line":109,"column":8},"end":{"line":111,"column":11}},"40":{"start":{"line":110,"column":10},"end":{"line":110,"column":33}},"41":{"start":{"line":114,"column":4},"end":{"line":114,"column":28}},"42":{"start":{"line":118,"column":3},"end":{"line":122,"column":4}},"43":{"start":{"line":119,"column":4},"end":{"line":119,"column":70}},"44":{"start":{"line":121,"column":4},"end":{"line":121,"column":69}},"45":{"start":{"line":128,"column":0},"end":{"line":128,"column":29}}},"fnMap":{"0":{"name":"(anonymous_0)","decl":{"start":{"line":19,"column":2},"end":{"line":19,"column":3}},"loc":{"start":{"line":19,"column":21},"end":{"line":28,"column":3}},"line":19},"1":{"name":"(anonymous_1)","decl":{"start":{"line":36,"column":2},"end":{"line":36,"column":3}},"loc":{"start":{"line":36,"column":30},"end":{"line":80,"column":3}},"line":36},"2":{"name":"(anonymous_2)","decl":{"start":{"line":55,"column":14},"end":{"line":55,"column":15}},"loc":{"start":{"line":55,"column":24},"end":{"line":74,"column":9}},"line":55},"3":{"name":"(anonymous_3)","decl":{"start":{"line":56,"column":43},"end":{"line":56,"column":44}},"loc":{"start":{"line":56,"column":59},"end":{"line":66,"column":11}},"line":56},"4":{"name":"(anonymous_4)","decl":{"start":{"line":68,"column":42},"end":{"line":68,"column":43}},"loc":{"start":{"line":68,"column":53},"end":{"line":73,"column":11}},"line":68},"5":{"name":"(anonymous_5)","decl":{"start":{"line":69,"column":33},"end":{"line":69,"column":34}},"loc":{"start":{"line":69,"column":39},"end":{"line":72,"column":13}},"line":69},"6":{"name":"(anonymous_6)","decl":{"start":{"line":88,"column":2},"end":{"line":88,"column":3}},"loc":{"start":{"line":88,"column":44},"end":{"line":115,"column":3}},"line":88},"7":{"name":"(anonymous_7)","decl":{"start":{"line":102,"column":12},"end":{"line":102,"column":13}},"loc":{"start":{"line":102,"column":29},"end":{"line":112,"column":7}},"line":102},"8":{"name":"(anonymous_8)","decl":{"start":{"line":103,"column":41},"end":{"line":103,"column":42}},"loc":{"start":{"line":103,"column":62},"end":{"line":107,"column":9}},"line":103},"9":{"name":"(anonymous_9)","decl":{"start":{"line":109,"column":40},"end":{"line":109,"column":41}},"loc":{"start":{"line":109,"column":51},"end":{"line":111,"column":9}},"line":109},"10":{"name":"(anonymous_10)","decl":{"start":{"line":117,"column":2},"end":{"line":117,"column":3}},"loc":{"start":{"line":117,"column":63},"end":{"line":124,"column":3}},"line":117}},"branchMap":{"0":{"loc":{"start":{"line":40,"column":4},"end":{"line":77,"column":5}},"type":"if","locations":[{"start":{"line":40,"column":4},"end":{"line":77,"column":5}},{"start":{"line":40,"column":4},"end":{"line":77,"column":5}}],"line":40},"1":{"loc":{"start":{"line":118,"column":3},"end":{"line":122,"column":4}},"type":"if","locations":[{"start":{"line":118,"column":3},"end":{"line":122,"column":4}},{"start":{"line":118,"column":3},"end":{"line":122,"column":4}}],"line":118}},"s":{"0":1,"1":1,"2":1,"3":1,"4":1,"5":1,"6":1,"7":1,"8":1,"9":1,"10":1,"11":1,"12":1,"13":1,"14":1,"15":1,"16":1,"17":1,"18":1,"19":1,"20":1,"21":1,"22":23,"23":23,"24":23,"25":23,"26":23,"27":1,"28":1,"29":1,"30":0,"31":1,"32":0,"33":0,"34":0,"35":0,"36":0,"37":0,"38":0,"39":0,"40":0,"41":0,"42":0,"43":0,"44":0,"45":1},"f":{"0":1,"1":1,"2":1,"3":23,"4":1,"5":1,"6":0,"7":0,"8":0,"9":0,"10":0},"b":{"0":[1,0],"1":[0,0]},"_coverageSchema":"43e27e138ebf9cfc5966b082cf9a028302ed4184","hash":"9f13f27f7c86a252592476da5c26b664c92815fa","contentHash":"95ffbe8a3adeb30e88922ed2900830b1924bc579e36241c9882ad43989d04c9c"}
}
